-------------------------------------------------------------------------------
Test set: ru.nsu.fit.TestDymock
-------------------------------------------------------------------------------
Tests run: 19, Failures: 2, Errors: 1, Skipped: 0, Time elapsed: 2.335 s <<< FAILURE! -- in ru.nsu.fit.TestDymock
ru.nsu.fit.TestDymock.testPartialStatic -- Time elapsed: 0.059 s <<< FAILURE!
org.opentest4j.AssertionFailedError: expected: <1.1> but was: <0.0>
	at org.junit.jupiter.api.AssertionFailureBuilder.build(AssertionFailureBuilder.java:151)
	at org.junit.jupiter.api.AssertionFailureBuilder.buildAndThrow(AssertionFailureBuilder.java:132)
	at org.junit.jupiter.api.AssertEquals.failNotEqual(AssertEquals.java:197)
	at org.junit.jupiter.api.AssertEquals.assertEquals(AssertEquals.java:70)
	at org.junit.jupiter.api.AssertEquals.assertEquals(AssertEquals.java:65)
	at org.junit.jupiter.api.Assertions.assertEquals(Assertions.java:889)
	at ru.nsu.fit.TestDymock.testPartialStatic(TestDymock.java:203)
	at java.base/java.lang.reflect.Method.invoke(Method.java:580)
	at java.base/java.util.ArrayList.forEach(ArrayList.java:1596)
	at java.base/java.util.ArrayList.forEach(ArrayList.java:1596)

ru.nsu.fit.TestDymock.testFinalEmptyMock -- Time elapsed: 0.035 s <<< ERROR!
java.lang.IllegalAccessError: class ru.nsu.fit.FinalClass tried to access private field ru.nsu.fit.dymock.bytebuddy.FinalInterceptor.mockMap (ru.nsu.fit.FinalClass and ru.nsu.fit.dymock.bytebuddy.FinalInterceptor are in unnamed module of loader 'app')
	at ru.nsu.fit.FinalClass.isDivisor(FinalClass.java:5)
	at ru.nsu.fit.TestDymock.testFinalEmptyMock(TestDymock.java:36)
	at java.base/java.lang.reflect.Method.invoke(Method.java:580)
	at java.base/java.util.ArrayList.forEach(ArrayList.java:1596)
	at java.base/java.util.ArrayList.forEach(ArrayList.java:1596)

ru.nsu.fit.TestDymock.testStringFail -- Time elapsed: 0.019 s <<< FAILURE!
org.opentest4j.AssertionFailedError: expected: <true> but was: <false>
	at org.junit.jupiter.api.AssertionFailureBuilder.build(AssertionFailureBuilder.java:151)
	at org.junit.jupiter.api.AssertionFailureBuilder.buildAndThrow(AssertionFailureBuilder.java:132)
	at org.junit.jupiter.api.AssertTrue.failNotTrue(AssertTrue.java:63)
	at org.junit.jupiter.api.AssertTrue.assertTrue(AssertTrue.java:36)
	at org.junit.jupiter.api.AssertTrue.assertTrue(AssertTrue.java:31)
	at org.junit.jupiter.api.Assertions.assertTrue(Assertions.java:183)
	at ru.nsu.fit.TestDymock.testStringFail(TestDymock.java:182)
	at java.base/java.lang.reflect.Method.invoke(Method.java:580)
	at java.base/java.util.ArrayList.forEach(ArrayList.java:1596)
	at java.base/java.util.ArrayList.forEach(ArrayList.java:1596)

